This is pdfTeX, Version 3.141592653-2.6-1.40.25 (MiKTeX 23.5) (preloaded format=pdflatex 2023.7.31)  23 JUN 2025 12:08
entering extended mode
 restricted \write18 enabled.
 file:line:error style messages enabled.
 %&-line parsing enabled.
**"c:/Users/Redha CHABA/Documents/wp_git/cdhm/writing/report.tex"
(c:/Users/Redha CHABA/Documents/wp_git/cdhm/writing/report.tex
LaTeX2e <2023-06-01> patch level 1
L3 programming layer <2023-06-30>
(C:\Users\Redha CHABA\AppData\Local\Programs\MiKTeX\tex/latex/base\article.cls
Document Class: article 2023/05/17 v1.4n Standard LaTeX document class
(C:\Users\Redha CHABA\AppData\Local\Programs\MiKTeX\tex/latex/base\size11.clo
File: size11.clo 2023/05/17 v1.4n Standard LaTeX file (size option)
)
\c@part=\count185
\c@section=\count186
\c@subsection=\count187
\c@subsubsection=\count188
\c@paragraph=\count189
\c@subparagraph=\count190
\c@figure=\count191
\c@table=\count192
\abovecaptionskip=\skip48
\belowcaptionskip=\skip49
\bibindent=\dimen140
) (Preamble.tex (C:\Users\Redha CHABA\AppData\Local\Programs\MiKTeX\tex/latex/base\inputenc.sty
Package: inputenc 2021/02/14 v1.3d Input encoding file
\inpenc@prehook=\toks17
\inpenc@posthook=\toks18
) (C:\Users\Redha CHABA\AppData\Local\Programs\MiKTeX\tex/latex/base\fontenc.sty
Package: fontenc 2021/04/29 v2.0v Standard LaTeX package
) (C:\Users\Redha CHABA\AppData\Local\Programs\MiKTeX\tex/latex/crimson\crimson.sty
Package: crimson 2022/09/30 (Bob Tennent) Supports crimson fonts for all LaTeX engines. 
 (C:\Users\Redha CHABA\AppData\Local\Programs\MiKTeX\tex/generic/iftex\ifxetex.sty
Package: ifxetex 2019/10/25 v0.7 ifxetex legacy package. Use iftex instead.
 (C:\Users\Redha CHABA\AppData\Local\Programs\MiKTeX\tex/generic/iftex\iftex.sty
Package: iftex 2022/02/03 v1.0f TeX engine tests
)) (C:\Users\Redha CHABA\AppData\Local\Programs\MiKTeX\tex/generic/iftex\ifluatex.sty
Package: ifluatex 2019/10/25 v1.5 ifluatex legacy package. Use iftex instead.
) (C:\Users\Redha CHABA\AppData\Local\Programs\MiKTeX\tex/latex/base\textcomp.sty
Package: textcomp 2020/02/02 v2.0n Standard LaTeX package
) (C:\Users\Redha CHABA\AppData\Local\Programs\MiKTeX\tex/latex/xkeyval\xkeyval.sty
Package: xkeyval 2022/06/16 v2.9 package option processing (HA)
 (C:\Users\Redha CHABA\AppData\Local\Programs\MiKTeX\tex/generic/xkeyval\xkeyval.tex (C:\Users\Redha CHABA\AppData\Local\Programs\MiKTeX\tex/generic/xkeyval\xkvutils.tex
\XKV@toks=\toks19
\XKV@tempa@toks=\toks20
 (C:\Users\Redha CHABA\AppData\Local\Programs\MiKTeX\tex/generic/xkeyval\keyval.tex))
\XKV@depth=\count193
File: xkeyval.tex 2014/12/03 v2.7a key=value parser (HA)
)) (C:\Users\Redha CHABA\AppData\Local\Programs\MiKTeX\tex/latex/base\fontenc.sty
Package: fontenc 2021/04/29 v2.0v Standard LaTeX package
) (C:\Users\Redha CHABA\AppData\Local\Programs\MiKTeX\tex/latex/fontaxes\fontaxes.sty
Package: fontaxes 2020/07/21 v1.0e Font selection axes
LaTeX Info: Redefining \upshape on input line 29.
LaTeX Info: Redefining \itshape on input line 31.
LaTeX Info: Redefining \slshape on input line 33.
LaTeX Info: Redefining \swshape on input line 35.
LaTeX Info: Redefining \scshape on input line 37.
LaTeX Info: Redefining \sscshape on input line 39.
LaTeX Info: Redefining \ulcshape on input line 41.
LaTeX Info: Redefining \textsw on input line 47.
LaTeX Info: Redefining \textssc on input line 48.
LaTeX Info: Redefining \textulc on input line 49.
)) (C:\Users\Redha CHABA\AppData\Local\Programs\MiKTeX\tex/latex/geometry\geometry.sty
Package: geometry 2020/01/02 v5.9 Page Geometry
 (C:\Users\Redha CHABA\AppData\Local\Programs\MiKTeX\tex/generic/iftex\ifvtex.sty
Package: ifvtex 2019/10/25 v1.7 ifvtex legacy package. Use iftex instead.
)
\Gm@cnth=\count194
\Gm@cntv=\count195
\c@Gm@tempcnt=\count196
\Gm@bindingoffset=\dimen141
\Gm@wd@mp=\dimen142
\Gm@odd@mp=\dimen143
\Gm@even@mp=\dimen144
\Gm@layoutwidth=\dimen145
\Gm@layoutheight=\dimen146
\Gm@layouthoffset=\dimen147
\Gm@layoutvoffset=\dimen148
\Gm@dimlist=\toks21
 (C:\Users\Redha CHABA\AppData\Local\Programs\MiKTeX\tex/latex/geometry\geometry.cfg)) (C:\Users\Redha CHABA\AppData\Local\Programs\MiKTeX\tex/latex/setspace\setspace.sty
Package: setspace 2022/12/04 v6.7b set line spacing
) (C:\Users\Redha CHABA\AppData\Local\Programs\MiKTeX\tex/latex/graphics\graphicx.sty
Package: graphicx 2021/09/16 v1.2d Enhanced LaTeX Graphics (DPC,SPQR)
 (C:\Users\Redha CHABA\AppData\Local\Programs\MiKTeX\tex/latex/graphics\graphics.sty
Package: graphics 2022/03/10 v1.4e Standard LaTeX Graphics (DPC,SPQR)
 (C:\Users\Redha CHABA\AppData\Local\Programs\MiKTeX\tex/latex/graphics\trig.sty
Package: trig 2021/08/11 v1.11 sin cos tan (DPC)
) (C:\Users\Redha CHABA\AppData\Local\Programs\MiKTeX\tex/latex/graphics-cfg\graphics.cfg
File: graphics.cfg 2016/06/04 v1.11 sample graphics configuration
)
Package graphics Info: Driver file: pdftex.def on input line 107.
 (C:\Users\Redha CHABA\AppData\Local\Programs\MiKTeX\tex/latex/graphics-def\pdftex.def
File: pdftex.def 2022/09/22 v1.2b Graphics/color driver for pdftex
))
\Gin@req@height=\dimen149
\Gin@req@width=\dimen150
) (C:\Users\Redha CHABA\AppData\Local\Programs\MiKTeX\tex/latex/graphics\color.sty
Package: color 2022/01/06 v1.3d Standard LaTeX Color (DPC)
 (C:\Users\Redha CHABA\AppData\Local\Programs\MiKTeX\tex/latex/graphics-cfg\color.cfg
File: color.cfg 2016/01/02 v1.6 sample color configuration
)
Package color Info: Driver file: pdftex.def on input line 149.
 (C:\Users\Redha CHABA\AppData\Local\Programs\MiKTeX\tex/latex/graphics\mathcolor.ltx)) (C:\Users\Redha CHABA\AppData\Local\Programs\MiKTeX\tex/latex/pgf/frontendlayer\tikz.sty (C:\Users\Redha CHABA\AppData\Local\Programs\MiKTeX\tex/latex/pgf/basiclayer\pgf.sty (C:\Users\Redha CHABA\AppData\Local\Programs\MiKTeX\tex/latex/pgf/utilities\pgfrcs.sty (C:\Users\Redha CHABA\AppData\Local\Programs\MiKTeX\tex/generic/pgf/utilities\pgfutil-common.tex
\pgfutil@everybye=\toks22
\pgfutil@tempdima=\dimen151
\pgfutil@tempdimb=\dimen152
) (C:\Users\Redha CHABA\AppData\Local\Programs\MiKTeX\tex/generic/pgf/utilities\pgfutil-latex.def
\pgfutil@abb=\box51
) (C:\Users\Redha CHABA\AppData\Local\Programs\MiKTeX\tex/generic/pgf/utilities\pgfrcs.code.tex (C:\Users\Redha CHABA\AppData\Local\Programs\MiKTeX\tex/generic/pgf\pgf.revision.tex)
Package: pgfrcs 2023-01-15 v3.1.10 (3.1.10)
))
Package: pgf 2023-01-15 v3.1.10 (3.1.10)
 (C:\Users\Redha CHABA\AppData\Local\Programs\MiKTeX\tex/latex/pgf/basiclayer\pgfcore.sty (C:\Users\Redha CHABA\AppData\Local\Programs\MiKTeX\tex/latex/pgf/systemlayer\pgfsys.sty (C:\Users\Redha CHABA\AppData\Local\Programs\MiKTeX\tex/generic/pgf/systemlayer\pgfsys.code.tex
Package: pgfsys 2023-01-15 v3.1.10 (3.1.10)
 (C:\Users\Redha CHABA\AppData\Local\Programs\MiKTeX\tex/generic/pgf/utilities\pgfkeys.code.tex
\pgfkeys@pathtoks=\toks23
\pgfkeys@temptoks=\toks24
 (C:\Users\Redha CHABA\AppData\Local\Programs\MiKTeX\tex/generic/pgf/utilities\pgfkeyslibraryfiltered.code.tex
\pgfkeys@tmptoks=\toks25
))
\pgf@x=\dimen153
\pgf@y=\dimen154
\pgf@xa=\dimen155
\pgf@ya=\dimen156
\pgf@xb=\dimen157
\pgf@yb=\dimen158
\pgf@xc=\dimen159
\pgf@yc=\dimen160
\pgf@xd=\dimen161
\pgf@yd=\dimen162
\w@pgf@writea=\write3
\r@pgf@reada=\read2
\c@pgf@counta=\count197
\c@pgf@countb=\count198
\c@pgf@countc=\count199
\c@pgf@countd=\count266
\t@pgf@toka=\toks26
\t@pgf@tokb=\toks27
\t@pgf@tokc=\toks28
\pgf@sys@id@count=\count267
 (C:\Users\Redha CHABA\AppData\Local\Programs\MiKTeX\tex/generic/pgf/systemlayer\pgf.cfg
File: pgf.cfg 2023-01-15 v3.1.10 (3.1.10)
)
Driver file for pgf: pgfsys-pdftex.def
 (C:\Users\Redha CHABA\AppData\Local\Programs\MiKTeX\tex/generic/pgf/systemlayer\pgfsys-pdftex.def
File: pgfsys-pdftex.def 2023-01-15 v3.1.10 (3.1.10)
 (C:\Users\Redha CHABA\AppData\Local\Programs\MiKTeX\tex/generic/pgf/systemlayer\pgfsys-common-pdf.def
File: pgfsys-common-pdf.def 2023-01-15 v3.1.10 (3.1.10)
))) (C:\Users\Redha CHABA\AppData\Local\Programs\MiKTeX\tex/generic/pgf/systemlayer\pgfsyssoftpath.code.tex
File: pgfsyssoftpath.code.tex 2023-01-15 v3.1.10 (3.1.10)
\pgfsyssoftpath@smallbuffer@items=\count268
\pgfsyssoftpath@bigbuffer@items=\count269
) (C:\Users\Redha CHABA\AppData\Local\Programs\MiKTeX\tex/generic/pgf/systemlayer\pgfsysprotocol.code.tex
File: pgfsysprotocol.code.tex 2023-01-15 v3.1.10 (3.1.10)
)) (C:\Users\Redha CHABA\AppData\Local\Programs\MiKTeX\tex/latex/xcolor\xcolor.sty
Package: xcolor 2022/06/12 v2.14 LaTeX color extensions (UK)
 (C:\Users\Redha CHABA\AppData\Local\Programs\MiKTeX\tex/latex/graphics-cfg\color.cfg
File: color.cfg 2016/01/02 v1.6 sample color configuration
)
Package xcolor Info: Driver file: pdftex.def on input line 227.
LaTeX Info: Redefining \color on input line 711.
 (C:\Users\Redha CHABA\AppData\Local\Programs\MiKTeX\tex/latex/graphics\mathcolor.ltx)
Package xcolor Info: Model `cmy' substituted by `cmy0' on input line 1353.
Package xcolor Info: Model `hsb' substituted by `rgb' on input line 1357.
Package xcolor Info: Model `RGB' extended on input line 1369.
Package xcolor Info: Model `HTML' substituted by `rgb' on input line 1371.
Package xcolor Info: Model `Hsb' substituted by `hsb' on input line 1372.
Package xcolor Info: Model `tHsb' substituted by `hsb' on input line 1373.
Package xcolor Info: Model `HSB' substituted by `hsb' on input line 1374.
Package xcolor Info: Model `Gray' substituted by `gray' on input line 1375.
Package xcolor Info: Model `wave' substituted by `hsb' on input line 1376.
) (C:\Users\Redha CHABA\AppData\Local\Programs\MiKTeX\tex/generic/pgf/basiclayer\pgfcore.code.tex
Package: pgfcore 2023-01-15 v3.1.10 (3.1.10)
 (C:\Users\Redha CHABA\AppData\Local\Programs\MiKTeX\tex/generic/pgf/math\pgfmath.code.tex (C:\Users\Redha CHABA\AppData\Local\Programs\MiKTeX\tex/generic/pgf/math\pgfmathutil.code.tex) (C:\Users\Redha CHABA\AppData\Local\Programs\MiKTeX\tex/generic/pgf/math\pgfmathparser.code.tex
\pgfmath@dimen=\dimen163
\pgfmath@count=\count270
\pgfmath@box=\box52
\pgfmath@toks=\toks29
\pgfmath@stack@operand=\toks30
\pgfmath@stack@operation=\toks31
) (C:\Users\Redha CHABA\AppData\Local\Programs\MiKTeX\tex/generic/pgf/math\pgfmathfunctions.code.tex) (C:\Users\Redha CHABA\AppData\Local\Programs\MiKTeX\tex/generic/pgf/math\pgfmathfunctions.basic.code.tex) (C:\Users\Redha CHABA\AppData\Local\Programs\MiKTeX\tex/generic/pgf/math\pgfmathfunctions.trigonometric.code.tex) (C:\Users\Redha CHABA\AppData\Local\Programs\MiKTeX\tex/generic/pgf/math\pgfmathfunctions.random.code.tex) (C:\Users\Redha CHABA\AppData\Local\Programs\MiKTeX\tex/generic/pgf/math\pgfmathfunctions.comparison.code.tex) (C:\Users\Redha CHABA\AppData\Local\Programs\MiKTeX\tex/generic/pgf/math\pgfmathfunctions.base.code.tex) (C:\Users\Redha CHABA\AppData\Local\Programs\MiKTeX\tex/generic/pgf/math\pgfmathfunctions.round.code.tex) (C:\Users\Redha CHABA\AppData\Local\Programs\MiKTeX\tex/generic/pgf/math\pgfmathfunctions.misc.code.tex) (C:\Users\Redha CHABA\AppData\Local\Programs\MiKTeX\tex/generic/pgf/math\pgfmathfunctions.integerarithmetics.code.tex) (C:\Users\Redha CHABA\AppData\Local\Programs\MiKTeX\tex/generic/pgf/math\pgfmathcalc.code.tex) (C:\Users\Redha CHABA\AppData\Local\Programs\MiKTeX\tex/generic/pgf/math\pgfmathfloat.code.tex
\c@pgfmathroundto@lastzeros=\count271
)) (C:\Users\Redha CHABA\AppData\Local\Programs\MiKTeX\tex/generic/pgf/math\pgfint.code.tex) (C:\Users\Redha CHABA\AppData\Local\Programs\MiKTeX\tex/generic/pgf/basiclayer\pgfcorepoints.code.tex
File: pgfcorepoints.code.tex 2023-01-15 v3.1.10 (3.1.10)
\pgf@picminx=\dimen164
\pgf@picmaxx=\dimen165
\pgf@picminy=\dimen166
\pgf@picmaxy=\dimen167
\pgf@pathminx=\dimen168
\pgf@pathmaxx=\dimen169
\pgf@pathminy=\dimen170
\pgf@pathmaxy=\dimen171
\pgf@xx=\dimen172
\pgf@xy=\dimen173
\pgf@yx=\dimen174
\pgf@yy=\dimen175
\pgf@zx=\dimen176
\pgf@zy=\dimen177
) (C:\Users\Redha CHABA\AppData\Local\Programs\MiKTeX\tex/generic/pgf/basiclayer\pgfcorepathconstruct.code.tex
File: pgfcorepathconstruct.code.tex 2023-01-15 v3.1.10 (3.1.10)
\pgf@path@lastx=\dimen178
\pgf@path@lasty=\dimen179
) (C:\Users\Redha CHABA\AppData\Local\Programs\MiKTeX\tex/generic/pgf/basiclayer\pgfcorepathusage.code.tex
File: pgfcorepathusage.code.tex 2023-01-15 v3.1.10 (3.1.10)
\pgf@shorten@end@additional=\dimen180
\pgf@shorten@start@additional=\dimen181
) (C:\Users\Redha CHABA\AppData\Local\Programs\MiKTeX\tex/generic/pgf/basiclayer\pgfcorescopes.code.tex
File: pgfcorescopes.code.tex 2023-01-15 v3.1.10 (3.1.10)
\pgfpic=\box53
\pgf@hbox=\box54
\pgf@layerbox@main=\box55
\pgf@picture@serial@count=\count272
) (C:\Users\Redha CHABA\AppData\Local\Programs\MiKTeX\tex/generic/pgf/basiclayer\pgfcoregraphicstate.code.tex
File: pgfcoregraphicstate.code.tex 2023-01-15 v3.1.10 (3.1.10)
\pgflinewidth=\dimen182
) (C:\Users\Redha CHABA\AppData\Local\Programs\MiKTeX\tex/generic/pgf/basiclayer\pgfcoretransformations.code.tex
File: pgfcoretransformations.code.tex 2023-01-15 v3.1.10 (3.1.10)
\pgf@pt@x=\dimen183
\pgf@pt@y=\dimen184
\pgf@pt@temp=\dimen185
) (C:\Users\Redha CHABA\AppData\Local\Programs\MiKTeX\tex/generic/pgf/basiclayer\pgfcorequick.code.tex
File: pgfcorequick.code.tex 2023-01-15 v3.1.10 (3.1.10)
) (C:\Users\Redha CHABA\AppData\Local\Programs\MiKTeX\tex/generic/pgf/basiclayer\pgfcoreobjects.code.tex
File: pgfcoreobjects.code.tex 2023-01-15 v3.1.10 (3.1.10)
) (C:\Users\Redha CHABA\AppData\Local\Programs\MiKTeX\tex/generic/pgf/basiclayer\pgfcorepathprocessing.code.tex
File: pgfcorepathprocessing.code.tex 2023-01-15 v3.1.10 (3.1.10)
) (C:\Users\Redha CHABA\AppData\Local\Programs\MiKTeX\tex/generic/pgf/basiclayer\pgfcorearrows.code.tex
File: pgfcorearrows.code.tex 2023-01-15 v3.1.10 (3.1.10)
\pgfarrowsep=\dimen186
) (C:\Users\Redha CHABA\AppData\Local\Programs\MiKTeX\tex/generic/pgf/basiclayer\pgfcoreshade.code.tex
File: pgfcoreshade.code.tex 2023-01-15 v3.1.10 (3.1.10)
\pgf@max=\dimen187
\pgf@sys@shading@range@num=\count273
\pgf@shadingcount=\count274
) (C:\Users\Redha CHABA\AppData\Local\Programs\MiKTeX\tex/generic/pgf/basiclayer\pgfcoreimage.code.tex
File: pgfcoreimage.code.tex 2023-01-15 v3.1.10 (3.1.10)
) (C:\Users\Redha CHABA\AppData\Local\Programs\MiKTeX\tex/generic/pgf/basiclayer\pgfcoreexternal.code.tex
File: pgfcoreexternal.code.tex 2023-01-15 v3.1.10 (3.1.10)
\pgfexternal@startupbox=\box56
) (C:\Users\Redha CHABA\AppData\Local\Programs\MiKTeX\tex/generic/pgf/basiclayer\pgfcorelayers.code.tex
File: pgfcorelayers.code.tex 2023-01-15 v3.1.10 (3.1.10)
) (C:\Users\Redha CHABA\AppData\Local\Programs\MiKTeX\tex/generic/pgf/basiclayer\pgfcoretransparency.code.tex
File: pgfcoretransparency.code.tex 2023-01-15 v3.1.10 (3.1.10)
) (C:\Users\Redha CHABA\AppData\Local\Programs\MiKTeX\tex/generic/pgf/basiclayer\pgfcorepatterns.code.tex
File: pgfcorepatterns.code.tex 2023-01-15 v3.1.10 (3.1.10)
) (C:\Users\Redha CHABA\AppData\Local\Programs\MiKTeX\tex/generic/pgf/basiclayer\pgfcorerdf.code.tex
File: pgfcorerdf.code.tex 2023-01-15 v3.1.10 (3.1.10)
))) (C:\Users\Redha CHABA\AppData\Local\Programs\MiKTeX\tex/generic/pgf/modules\pgfmoduleshapes.code.tex
File: pgfmoduleshapes.code.tex 2023-01-15 v3.1.10 (3.1.10)
\pgfnodeparttextbox=\box57
) (C:\Users\Redha CHABA\AppData\Local\Programs\MiKTeX\tex/generic/pgf/modules\pgfmoduleplot.code.tex
File: pgfmoduleplot.code.tex 2023-01-15 v3.1.10 (3.1.10)
) (C:\Users\Redha CHABA\AppData\Local\Programs\MiKTeX\tex/latex/pgf/compatibility\pgfcomp-version-0-65.sty
Package: pgfcomp-version-0-65 2023-01-15 v3.1.10 (3.1.10)
\pgf@nodesepstart=\dimen188
\pgf@nodesepend=\dimen189
) (C:\Users\Redha CHABA\AppData\Local\Programs\MiKTeX\tex/latex/pgf/compatibility\pgfcomp-version-1-18.sty
Package: pgfcomp-version-1-18 2023-01-15 v3.1.10 (3.1.10)
)) (C:\Users\Redha CHABA\AppData\Local\Programs\MiKTeX\tex/latex/pgf/utilities\pgffor.sty (C:\Users\Redha CHABA\AppData\Local\Programs\MiKTeX\tex/latex/pgf/utilities\pgfkeys.sty (C:\Users\Redha CHABA\AppData\Local\Programs\MiKTeX\tex/generic/pgf/utilities\pgfkeys.code.tex)) (C:\Users\Redha CHABA\AppData\Local\Programs\MiKTeX\tex/latex/pgf/math\pgfmath.sty (C:\Users\Redha CHABA\AppData\Local\Programs\MiKTeX\tex/generic/pgf/math\pgfmath.code.tex)) (C:\Users\Redha CHABA\AppData\Local\Programs\MiKTeX\tex/generic/pgf/utilities\pgffor.code.tex
Package: pgffor 2023-01-15 v3.1.10 (3.1.10)
\pgffor@iter=\dimen190
\pgffor@skip=\dimen191
\pgffor@stack=\toks32
\pgffor@toks=\toks33
)) (C:\Users\Redha CHABA\AppData\Local\Programs\MiKTeX\tex/generic/pgf/frontendlayer/tikz\tikz.code.tex
Package: tikz 2023-01-15 v3.1.10 (3.1.10)
 (C:\Users\Redha CHABA\AppData\Local\Programs\MiKTeX\tex/generic/pgf/libraries\pgflibraryplothandlers.code.tex
File: pgflibraryplothandlers.code.tex 2023-01-15 v3.1.10 (3.1.10)
\pgf@plot@mark@count=\count275
\pgfplotmarksize=\dimen192
)
\tikz@lastx=\dimen193
\tikz@lasty=\dimen194
\tikz@lastxsaved=\dimen195
\tikz@lastysaved=\dimen196
\tikz@lastmovetox=\dimen197
\tikz@lastmovetoy=\dimen198
\tikzleveldistance=\dimen199
\tikzsiblingdistance=\dimen256
\tikz@figbox=\box58
\tikz@figbox@bg=\box59
\tikz@tempbox=\box60
\tikz@tempbox@bg=\box61
\tikztreelevel=\count276
\tikznumberofchildren=\count277
\tikznumberofcurrentchild=\count278
\tikz@fig@count=\count279
 (C:\Users\Redha CHABA\AppData\Local\Programs\MiKTeX\tex/generic/pgf/modules\pgfmodulematrix.code.tex
File: pgfmodulematrix.code.tex 2023-01-15 v3.1.10 (3.1.10)
\pgfmatrixcurrentrow=\count280
\pgfmatrixcurrentcolumn=\count281
\pgf@matrix@numberofcolumns=\count282
)
\tikz@expandcount=\count283
 (C:\Users\Redha CHABA\AppData\Local\Programs\MiKTeX\tex/generic/pgf/frontendlayer/tikz/libraries\tikzlibrarytopaths.code.tex
File: tikzlibrarytopaths.code.tex 2023-01-15 v3.1.10 (3.1.10)
))) (C:\Users\Redha CHABA\AppData\Local\Programs\MiKTeX\tex/latex/epstopdf-pkg\epstopdf.sty
Package: epstopdf 2020-01-24 v2.11 Conversion with epstopdf on the fly (HO)
 (C:\Users\Redha CHABA\AppData\Local\Programs\MiKTeX\tex/generic/infwarerr\infwarerr.sty
Package: infwarerr 2019/12/03 v1.5 Providing info/warning/error messages (HO)
) (C:\Users\Redha CHABA\AppData\Local\Programs\MiKTeX\tex/latex/grfext\grfext.sty
Package: grfext 2019/12/03 v1.3 Manage graphics extensions (HO)
 (C:\Users\Redha CHABA\AppData\Local\Programs\MiKTeX\tex/generic/kvdefinekeys\kvdefinekeys.sty
Package: kvdefinekeys 2019-12-19 v1.6 Define keys (HO)
)) (C:\Users\Redha CHABA\AppData\Local\Programs\MiKTeX\tex/latex/kvoptions\kvoptions.sty
Package: kvoptions 2022-06-15 v3.15 Key value format for package options (HO)
 (C:\Users\Redha CHABA\AppData\Local\Programs\MiKTeX\tex/generic/ltxcmds\ltxcmds.sty
Package: ltxcmds 2020-05-10 v1.25 LaTeX kernel commands for general use (HO)
) (C:\Users\Redha CHABA\AppData\Local\Programs\MiKTeX\tex/latex/kvsetkeys\kvsetkeys.sty
Package: kvsetkeys 2022-10-05 v1.19 Key value parser (HO)
)) (C:\Users\Redha CHABA\AppData\Local\Programs\MiKTeX\tex/generic/pdftexcmds\pdftexcmds.sty
Package: pdftexcmds 2020-06-27 v0.33 Utility functions of pdfTeX for LuaTeX (HO)
Package pdftexcmds Info: \pdf@primitive is available.
Package pdftexcmds Info: \pdf@ifprimitive is available.
Package pdftexcmds Info: \pdfdraftmode found.
) (C:\Users\Redha CHABA\AppData\Local\Programs\MiKTeX\tex/latex/epstopdf-pkg\epstopdf-base.sty
Package: epstopdf-base 2020-01-24 v2.11 Base part for package epstopdf
Package epstopdf-base Info: Redefining graphics rule for `.eps' on input line 485.
Package grfext Info: Graphics extension search list:
(grfext)             [.pdf,.png,.jpg,.mps,.jpeg,.jbig2,.jb2,.PDF,.PNG,.JPG,.JPEG,.JBIG2,.JB2,.eps]
(grfext)             \AppendGraphicsExtensions on input line 504.
 (C:\Users\Redha CHABA\AppData\Local\Programs\MiKTeX\tex/latex/00miktex\epstopdf-sys.cfg
File: epstopdf-sys.cfg 2021/03/18 v2.0 Configuration of epstopdf for MiKTeX
))) (C:\Users\Redha CHABA\AppData\Local\Programs\MiKTeX\tex/latex/graphics\rotating.sty
Package: rotating 2016/08/11 v2.16d rotated objects in LaTeX
 (C:\Users\Redha CHABA\AppData\Local\Programs\MiKTeX\tex/latex/base\ifthen.sty
Package: ifthen 2022/04/13 v1.1d Standard LaTeX ifthen package (DPC)
)
\c@r@tfl@t=\count284
\rotFPtop=\skip50
\rotFPbot=\skip51
\rot@float@box=\box62
\rot@mess@toks=\toks34
)
Package grfext Info: Graphics extension search list:
(grfext)             [.pdf,.png,.jpg,.mps,.jpeg,.jbig2,.jb2,.PDF,.PNG,.JPG,.JPEG,.JBIG2,.JB2,.eps,.tif]
(grfext)             \AppendGraphicsExtensions on input line 22.

(C:\Users\Redha CHABA\AppData\Local\Programs\MiKTeX\tex/latex/float\float.sty
Package: float 2001/11/08 v1.3d Float enhancements (AL)
\c@float@type=\count285
\float@exts=\toks35
\float@box=\box63
\@float@everytoks=\toks36
\@floatcapt=\box64
) (C:\Users\Redha CHABA\AppData\Local\Programs\MiKTeX\tex/latex/amsmath\amsmath.sty
Package: amsmath 2023/05/13 v2.17o AMS math features
\@mathmargin=\skip52

For additional information on amsmath, use the `?' option.
(C:\Users\Redha CHABA\AppData\Local\Programs\MiKTeX\tex/latex/amsmath\amstext.sty
Package: amstext 2021/08/26 v2.01 AMS text
 (C:\Users\Redha CHABA\AppData\Local\Programs\MiKTeX\tex/latex/amsmath\amsgen.sty
File: amsgen.sty 1999/11/30 v2.0 generic functions
\@emptytoks=\toks37
\ex@=\dimen257
)) (C:\Users\Redha CHABA\AppData\Local\Programs\MiKTeX\tex/latex/amsmath\amsbsy.sty
Package: amsbsy 1999/11/29 v1.2d Bold Symbols
\pmbraise@=\dimen258
) (C:\Users\Redha CHABA\AppData\Local\Programs\MiKTeX\tex/latex/amsmath\amsopn.sty
Package: amsopn 2022/04/08 v2.04 operator names
)
\inf@bad=\count286
LaTeX Info: Redefining \frac on input line 234.
\uproot@=\count287
\leftroot@=\count288
LaTeX Info: Redefining \overline on input line 399.
LaTeX Info: Redefining \colon on input line 410.
\classnum@=\count289
\DOTSCASE@=\count290
LaTeX Info: Redefining \ldots on input line 496.
LaTeX Info: Redefining \dots on input line 499.
LaTeX Info: Redefining \cdots on input line 620.
\Mathstrutbox@=\box65
\strutbox@=\box66
LaTeX Info: Redefining \big on input line 722.
LaTeX Info: Redefining \Big on input line 723.
LaTeX Info: Redefining \bigg on input line 724.
LaTeX Info: Redefining \Bigg on input line 725.
\big@size=\dimen259
LaTeX Font Info:    Redeclaring font encoding OML on input line 743.
LaTeX Font Info:    Redeclaring font encoding OMS on input line 744.
\macc@depth=\count291
LaTeX Info: Redefining \bmod on input line 905.
LaTeX Info: Redefining \pmod on input line 910.
LaTeX Info: Redefining \smash on input line 940.
LaTeX Info: Redefining \relbar on input line 970.
LaTeX Info: Redefining \Relbar on input line 971.
\c@MaxMatrixCols=\count292
\dotsspace@=\muskip16
\c@parentequation=\count293
\dspbrk@lvl=\count294
\tag@help=\toks38
\row@=\count295
\column@=\count296
\maxfields@=\count297
\andhelp@=\toks39
\eqnshift@=\dimen260
\alignsep@=\dimen261
\tagshift@=\dimen262
\tagwidth@=\dimen263
\totwidth@=\dimen264
\lineht@=\dimen265
\@envbody=\toks40
\multlinegap=\skip53
\multlinetaggap=\skip54
\mathdisplay@stack=\toks41
LaTeX Info: Redefining \[ on input line 2953.
LaTeX Info: Redefining \] on input line 2954.
) (C:\Users\Redha CHABA\AppData\Local\Programs\MiKTeX\tex/latex/amsfonts\amsfonts.sty
Package: amsfonts 2013/01/14 v3.01 Basic AMSFonts support
\symAMSa=\mathgroup4
\symAMSb=\mathgroup5
LaTeX Font Info:    Redeclaring math symbol \hbar on input line 98.
LaTeX Font Info:    Overwriting math alphabet `\mathfrak' in version `bold'
(Font)                  U/euf/m/n --> U/euf/b/n on input line 106.
) (C:\Users\Redha CHABA\AppData\Local\Programs\MiKTeX\tex/latex/amsfonts\amssymb.sty
Package: amssymb 2013/01/14 v3.01 AMS font symbols
) (C:\Users\Redha CHABA\AppData\Local\Programs\MiKTeX\tex/latex/amscls\amsthm.sty
Package: amsthm 2020/05/29 v2.20.6
\thm@style=\toks42
\thm@bodyfont=\toks43
\thm@headfont=\toks44
\thm@notefont=\toks45
\thm@headpunct=\toks46
\thm@preskip=\skip55
\thm@postskip=\skip56
\thm@headsep=\skip57
\dth@everypar=\toks47
) (C:\Users\Redha CHABA\AppData\Local\Programs\MiKTeX\tex/latex/tools\array.sty
Package: array 2022/09/04 v2.5g Tabular extension package (FMi)
\col@sep=\dimen266
\ar@mcellbox=\box67
\extrarowheight=\dimen267
\NC@list=\toks48
\extratabsurround=\skip58
\backup@length=\skip59
\ar@cellbox=\box68
) (C:\Users\Redha CHABA\AppData\Local\Programs\MiKTeX\tex/latex/booktabs\booktabs.sty
Package: booktabs 2020/01/12 v1.61803398 Publication quality tables
\heavyrulewidth=\dimen268
\lightrulewidth=\dimen269
\cmidrulewidth=\dimen270
\belowrulesep=\dimen271
\belowbottomsep=\dimen272
\aboverulesep=\dimen273
\abovetopsep=\dimen274
\cmidrulesep=\dimen275
\cmidrulekern=\dimen276
\defaultaddspace=\dimen277
\@cmidla=\count298
\@cmidlb=\count299
\@aboverulesep=\dimen278
\@belowrulesep=\dimen279
\@thisruleclass=\count300
\@lastruleclass=\count301
\@thisrulewidth=\dimen280
) (C:\Users\Redha CHABA\AppData\Local\Programs\MiKTeX\tex/latex/tools\dcolumn.sty
Package: dcolumn 2014/10/28 v1.06 decimal alignment package (DPC)
) (C:\Users\Redha CHABA\AppData\Local\Programs\MiKTeX\tex/latex/multirow\multirow.sty
Package: multirow 2021/03/15 v2.8 Span multiple rows of a table
\multirow@colwidth=\skip60
\multirow@cntb=\count302
\multirow@dima=\skip61
\bigstrutjot=\dimen281
) (C:\Users\Redha CHABA\AppData\Local\Programs\MiKTeX\tex/latex/caption\subcaption.sty
Package: subcaption 2023/07/28 v1.6b Sub-captions (AR)
 (C:\Users\Redha CHABA\AppData\Local\Programs\MiKTeX\tex/latex/caption\caption.sty
Package: caption 2023/08/05 v3.6o Customizing captions (AR)
 (C:\Users\Redha CHABA\AppData\Local\Programs\MiKTeX\tex/latex/caption\caption3.sty
Package: caption3 2023/07/31 v2.4d caption3 kernel (AR)
\caption@tempdima=\dimen282
\captionmargin=\dimen283
\caption@leftmargin=\dimen284
\caption@rightmargin=\dimen285
\caption@width=\dimen286
\caption@indent=\dimen287
\caption@parindent=\dimen288
\caption@hangindent=\dimen289
Package caption Info: Standard document class detected.
)
\c@caption@flags=\count303
\c@continuedfloat=\count304
Package caption Info: float package is loaded.
Package caption Info: rotating package is loaded.
)
Package caption Info: New subtype `subfigure' on input line 238.
\c@subfigure=\count305
Package caption Info: New subtype `subtable' on input line 238.
\c@subtable=\count306
) (C:\Users\Redha CHABA\AppData\Local\Programs\MiKTeX\tex/latex/threeparttable\threeparttable.sty
Package: threeparttable 2003/06/13  v 3.0
\@tempboxb=\box69
) (C:\Users\Redha CHABA\AppData\Local\Programs\MiKTeX\tex/latex/tabulary\tabulary.sty
Package: tabulary 2014/06/11 v0.10 tabulary package (DPC)
\TY@count=\count307
\TY@linewidth=\dimen290
\tymin=\dimen291
\tymax=\dimen292
\TY@tablewidth=\dimen293
) (C:\Users\Redha CHABA\AppData\Local\Programs\MiKTeX\tex/latex/url\url.sty
\Urlmuskip=\muskip17
Package: url 2013/09/16  ver 3.4  Verb mode for urls, etc.
) (C:\Users\Redha CHABA\AppData\Local\Programs\MiKTeX\tex/latex/hyperref\hyperref.sty
Package: hyperref 2023-07-08 v7.01b Hypertext links for LaTeX
 (C:\Users\Redha CHABA\AppData\Local\Programs\MiKTeX\tex/generic/pdfescape\pdfescape.sty
Package: pdfescape 2019/12/09 v1.15 Implements pdfTeX's escape features (HO)
) (C:\Users\Redha CHABA\AppData\Local\Programs\MiKTeX\tex/latex/hycolor\hycolor.sty
Package: hycolor 2020-01-27 v1.10 Color options for hyperref/bookmark (HO)
) (C:\Users\Redha CHABA\AppData\Local\Programs\MiKTeX\tex/latex/letltxmacro\letltxmacro.sty
Package: letltxmacro 2019/12/03 v1.6 Let assignment for LaTeX macros (HO)
) (C:\Users\Redha CHABA\AppData\Local\Programs\MiKTeX\tex/latex/auxhook\auxhook.sty
Package: auxhook 2019-12-17 v1.6 Hooks for auxiliary files (HO)
) (C:\Users\Redha CHABA\AppData\Local\Programs\MiKTeX\tex/latex/hyperref\nameref.sty
Package: nameref 2023-08-07 v2.53 Cross-referencing by name of section
 (C:\Users\Redha CHABA\AppData\Local\Programs\MiKTeX\tex/latex/refcount\refcount.sty
Package: refcount 2019/12/15 v3.6 Data extraction from label references (HO)
) (C:\Users\Redha CHABA\AppData\Local\Programs\MiKTeX\tex/generic/gettitlestring\gettitlestring.sty
Package: gettitlestring 2019/12/15 v1.6 Cleanup title references (HO)
)
\c@section@level=\count308
) (C:\Users\Redha CHABA\AppData\Local\Programs\MiKTeX\tex/latex/etoolbox\etoolbox.sty
Package: etoolbox 2020/10/05 v2.5k e-TeX tools for LaTeX (JAW)
\etb@tempcnta=\count309
)
\@linkdim=\dimen294
\Hy@linkcounter=\count310
\Hy@pagecounter=\count311
 (C:\Users\Redha CHABA\AppData\Local\Programs\MiKTeX\tex/latex/hyperref\pd1enc.def
File: pd1enc.def 2023-07-08 v7.01b Hyperref: PDFDocEncoding definition (HO)
Now handling font encoding PD1 ...
... no UTF-8 mapping file for font encoding PD1
) (C:\Users\Redha CHABA\AppData\Local\Programs\MiKTeX\tex/generic/intcalc\intcalc.sty
Package: intcalc 2019/12/15 v1.3 Expandable calculations with integers (HO)
)
\Hy@SavedSpaceFactor=\count312
 (C:\Users\Redha CHABA\AppData\Local\Programs\MiKTeX\tex/latex/hyperref\puenc.def
File: puenc.def 2023-07-08 v7.01b Hyperref: PDF Unicode definition (HO)
Now handling font encoding PU ...
... no UTF-8 mapping file for font encoding PU
)
Package hyperref Info: Hyper figures OFF on input line 4167.
Package hyperref Info: Link nesting OFF on input line 4172.
Package hyperref Info: Hyper index ON on input line 4175.
Package hyperref Info: Plain pages OFF on input line 4182.
Package hyperref Info: Backreferencing OFF on input line 4187.
Package hyperref Info: Implicit mode ON; LaTeX internals redefined.
Package hyperref Info: Bookmarks ON on input line 4434.
\c@Hy@tempcnt=\count313
LaTeX Info: Redefining \url on input line 4772.
\XeTeXLinkMargin=\dimen295
 (C:\Users\Redha CHABA\AppData\Local\Programs\MiKTeX\tex/generic/bitset\bitset.sty
Package: bitset 2019/12/09 v1.3 Handle bit-vector datatype (HO)
 (C:\Users\Redha CHABA\AppData\Local\Programs\MiKTeX\tex/generic/bigintcalc\bigintcalc.sty
Package: bigintcalc 2019/12/15 v1.5 Expandable calculations on big integers (HO)
))
\Fld@menulength=\count314
\Field@Width=\dimen296
\Fld@charsize=\dimen297
Package hyperref Info: Hyper figures OFF on input line 6051.
Package hyperref Info: Link nesting OFF on input line 6056.
Package hyperref Info: Hyper index ON on input line 6059.
Package hyperref Info: backreferencing OFF on input line 6066.
Package hyperref Info: Link coloring OFF on input line 6071.
Package hyperref Info: Link coloring with OCG OFF on input line 6076.
Package hyperref Info: PDF/A mode OFF on input line 6081.
 (C:\Users\Redha CHABA\AppData\Local\Programs\MiKTeX\tex/latex/base\atbegshi-ltx.sty
Package: atbegshi-ltx 2021/01/10 v1.0c Emulation of the original atbegshi
package with kernel methods
)
\Hy@abspage=\count315
\c@Item=\count316
\c@Hfootnote=\count317
)
Package hyperref Info: Driver (autodetected): hpdftex.
 (C:\Users\Redha CHABA\AppData\Local\Programs\MiKTeX\tex/latex/hyperref\hpdftex.def
File: hpdftex.def 2023-07-08 v7.01b Hyperref driver for pdfTeX
 (C:\Users\Redha CHABA\AppData\Local\Programs\MiKTeX\tex/latex/base\atveryend-ltx.sty
Package: atveryend-ltx 2020/08/19 v1.0a Emulation of the original atveryend package
with kernel methods
)
\Fld@listcount=\count318
\c@bookmark@seq@number=\count319
 (C:\Users\Redha CHABA\AppData\Local\Programs\MiKTeX\tex/latex/rerunfilecheck\rerunfilecheck.sty
Package: rerunfilecheck 2022-07-10 v1.10 Rerun checks for auxiliary files (HO)
 (C:\Users\Redha CHABA\AppData\Local\Programs\MiKTeX\tex/generic/uniquecounter\uniquecounter.sty
Package: uniquecounter 2019/12/15 v1.4 Provide unlimited unique counter (HO)
)
Package uniquecounter Info: New unique counter `rerunfilecheck' on input line 285.
)
\Hy@SectionHShift=\skip62
)
Package hyperref Info: Option `colorlinks' set `true' on input line 64.
Package hyperref Info: Option `breaklinks' set `true' on input line 64.
 (C:\Users\Redha CHABA\AppData\Local\Programs\MiKTeX\tex/latex/natbib\natbib.sty
Package: natbib 2010/09/13 8.31b (PWD, AO)
\bibhang=\skip63
\bibsep=\skip64
LaTeX Info: Redefining \cite on input line 694.
\c@NAT@ctr=\count320
) (C:\Users\Redha CHABA\AppData\Local\Programs\MiKTeX\tex/latex/seqsplit\seqsplit.sty
Package: seqsplit 2006/08/07 v0.1 Splitting long sequences (DNA, RNA, proteins, etc.) 
) (C:\Users\Redha CHABA\AppData\Local\Programs\MiKTeX\tex/generic/soul\soul.sty
Package: soul 2023-06-14 v3.1 Permit use of UTF-8 characters in soul (HO)
 (C:\Users\Redha CHABA\AppData\Local\Programs\MiKTeX\tex/generic/soul\soul-ori.sty
Package: soul-ori 2023-06-14 v3.1 letterspacing/underlining (mf)
\SOUL@word=\toks49
\SOUL@lasttoken=\toks50
\SOUL@syllable=\toks51
\SOUL@cmds=\toks52
\SOUL@buffer=\toks53
\SOUL@token=\toks54
\SOUL@syllgoal=\dimen298
\SOUL@syllwidth=\dimen299
\SOUL@charkern=\dimen300
\SOUL@hyphkern=\dimen301
\SOUL@dimen=\dimen302
\SOUL@dimeni=\dimen303
\SOUL@minus=\count321
\SOUL@comma=\count322
\SOUL@apo=\count323
\SOUL@grave=\count324
\SOUL@spaceskip=\skip65
\SOUL@ttwidth=\dimen304
\SOUL@uldp=\dimen305
\SOUL@ulht=\dimen306
) (C:\Users\Redha CHABA\AppData\Local\Programs\MiKTeX\tex/generic/etexcmds\etexcmds.sty
Package: etexcmds 2019/12/15 v1.7 Avoid name clashes with e-TeX commands (HO)
)) (C:\Users\Redha CHABA\AppData\Local\Programs\MiKTeX\tex/latex/bbding\bbding.sty
Package: bbding 1999/04/15 v1.01 Dingbats symbols
) (C:\Users\Redha CHABA\AppData\Local\Programs\MiKTeX\tex/latex/comment\comment.sty
\CommentStream=\write4
 Excluding comment 'comment') (C:\Users\Redha CHABA\AppData\Local\Programs\MiKTeX\tex/latex/base\alltt.sty
Package: alltt 2021/01/29 v2.0g defines alltt environment
) (C:\Users\Redha CHABA\AppData\Local\Programs\MiKTeX\tex/latex/framed\framed.sty
Package: framed 2011/10/22 v 0.96: framed or shaded text with page breaks
\OuterFrameSep=\skip66
\fb@frw=\dimen307
\fb@frh=\dimen308
\FrameRule=\dimen309
\FrameSep=\dimen310
)
\c@thm=\count325
\c@prop=\count326
\c@theorem=\count327
\c@prediction=\count328
\c@open_question=\count329
\c@hyp=\count330
\c@subhyp=\count331
 (C:\Users\Redha CHABA\AppData\Local\Programs\MiKTeX\tex/latex/upquote\upquote.sty
Package: upquote 2012/04/19 v1.3 upright-quote and grave-accent glyphs in verbatim
) (C:\Users\Redha CHABA\AppData\Local\Programs\MiKTeX\tex/generic/pgf/libraries\pgflibraryarrows.meta.code.tex
File: pgflibraryarrows.meta.code.tex 2023-01-15 v3.1.10 (3.1.10)
\pgfarrowinset=\dimen311
\pgfarrowlength=\dimen312
\pgfarrowwidth=\dimen313
\pgfarrowlinewidth=\dimen314
) (C:\Users\Redha CHABA\AppData\Local\Programs\MiKTeX\tex/generic/pgf/frontendlayer/tikz/libraries\tikzlibrarypositioning.code.tex
File: tikzlibrarypositioning.code.tex 2023-01-15 v3.1.10 (3.1.10)
) (C:\Users\Redha CHABA\AppData\Local\Programs\MiKTeX\tex/generic/pgf/frontendlayer/tikz/libraries\tikzlibraryfit.code.tex
File: tikzlibraryfit.code.tex 2023-01-15 v3.1.10 (3.1.10)
) (C:\Users\Redha CHABA\AppData\Local\Programs\MiKTeX\tex/generic/pgf/frontendlayer/tikz/libraries\tikzlibrarybackgrounds.code.tex
File: tikzlibrarybackgrounds.code.tex 2023-01-15 v3.1.10 (3.1.10)
\pgf@layerbox@background=\box70
\pgf@layerboxsaved@background=\box71
) (C:\Users\Redha CHABA\AppData\Local\Programs\MiKTeX\tex/generic/pgf/frontendlayer/tikz/libraries\tikzlibrarycalc.code.tex
File: tikzlibrarycalc.code.tex 2023-01-15 v3.1.10 (3.1.10)
) (C:\Users\Redha CHABA\AppData\Local\Programs\MiKTeX\tex/generic/pgf/frontendlayer/tikz/libraries\tikzlibraryshapes.geometric.code.tex
File: tikzlibraryshapes.geometric.code.tex 2023-01-15 v3.1.10 (3.1.10)
 (C:\Users\Redha CHABA\AppData\Local\Programs\MiKTeX\tex/generic/pgf/libraries/shapes\pgflibraryshapes.geometric.code.tex
File: pgflibraryshapes.geometric.code.tex 2023-01-15 v3.1.10 (3.1.10)
)) (C:\Users\Redha CHABA\AppData\Local\Programs\MiKTeX\tex/generic/pgf/frontendlayer/tikz/libraries\tikzlibrarydecorations.pathmorphing.code.tex (C:\Users\Redha CHABA\AppData\Local\Programs\MiKTeX\tex/generic/pgf/frontendlayer/tikz/libraries\tikzlibrarydecorations.code.tex (C:\Users\Redha CHABA\AppData\Local\Programs\MiKTeX\tex/generic/pgf/modules\pgfmoduledecorations.code.tex
\pgfdecoratedcompleteddistance=\dimen315
\pgfdecoratedremainingdistance=\dimen316
\pgfdecoratedinputsegmentcompleteddistance=\dimen317
\pgfdecoratedinputsegmentremainingdistance=\dimen318
\pgf@decorate@distancetomove=\dimen319
\pgf@decorate@repeatstate=\count332
\pgfdecorationsegmentamplitude=\dimen320
\pgfdecorationsegmentlength=\dimen321
)
\tikz@lib@dec@box=\box72
) (C:\Users\Redha CHABA\AppData\Local\Programs\MiKTeX\tex/generic/pgf/libraries/decorations\pgflibrarydecorations.pathmorphing.code.tex)))
LaTeX Font Info:    Trying to load font information for T1+Crimson-TLF on input line 4.
 (C:\Users\Redha CHABA\AppData\Local\Programs\MiKTeX\tex/latex/crimson\t1crimson-tlf.fd
File: T1Crimson-TLF.fd 2016/02/19 (autoinst) Font definitions for T1/Crimson-TLF.
)
LaTeX Font Info:    Font shape `T1/Crimson-TLF/m/n' will be
(Font)              scaled to size 10.95pt on input line 4.
 (C:\Users\Redha CHABA\AppData\Local\Programs\MiKTeX\tex/latex/l3backend\l3backend-pdftex.def
File: l3backend-pdftex.def 2023-04-19 L3 backend support: PDF output (pdfTeX)
\l__color_backend_stack_int=\count333
\l__pdf_internal_box=\box73
) (report.aux)
\openout1 = `report.aux'.

LaTeX Font Info:    Checking defaults for OML/cmm/m/it on input line 4.
LaTeX Font Info:    ... okay on input line 4.
LaTeX Font Info:    Checking defaults for OMS/cmsy/m/n on input line 4.
LaTeX Font Info:    ... okay on input line 4.
LaTeX Font Info:    Checking defaults for OT1/cmr/m/n on input line 4.
LaTeX Font Info:    ... okay on input line 4.
LaTeX Font Info:    Checking defaults for T1/cmr/m/n on input line 4.
LaTeX Font Info:    ... okay on input line 4.
LaTeX Font Info:    Checking defaults for TS1/cmr/m/n on input line 4.
LaTeX Font Info:    ... okay on input line 4.
LaTeX Font Info:    Checking defaults for OMX/cmex/m/n on input line 4.
LaTeX Font Info:    ... okay on input line 4.
LaTeX Font Info:    Checking defaults for U/cmr/m/n on input line 4.
LaTeX Font Info:    ... okay on input line 4.
LaTeX Font Info:    Checking defaults for PD1/pdf/m/n on input line 4.
LaTeX Font Info:    ... okay on input line 4.
LaTeX Font Info:    Checking defaults for PU/pdf/m/n on input line 4.
LaTeX Font Info:    ... okay on input line 4.
\c@mv@tabular=\count334
\c@mv@boldtabular=\count335

*geometry* driver: auto-detecting
*geometry* detected driver: pdftex
*geometry* verbose mode - [ preamble ] result:
* driver: pdftex
* paper: <default>
* layout: <same size as paper>
* layoutoffset:(h,v)=(0.0pt,0.0pt)
* modes: 
* h-part:(L,W,R)=(72.26999pt, 469.75502pt, 72.26999pt)
* v-part:(T,H,B)=(72.26999pt, 650.43001pt, 72.26999pt)
* \paperwidth=614.295pt
* \paperheight=794.96999pt
* \textwidth=469.75502pt
* \textheight=650.43001pt
* \oddsidemargin=0.0pt
* \evensidemargin=0.0pt
* \topmargin=-37.0pt
* \headheight=12.0pt
* \headsep=25.0pt
* \topskip=11.0pt
* \footskip=30.0pt
* \marginparwidth=59.0pt
* \marginparsep=10.0pt
* \columnsep=10.0pt
* \skip\footins=10.0pt plus 4.0pt minus 2.0pt
* \hoffset=0.0pt
* \voffset=0.0pt
* \mag=1000
* \@twocolumnfalse
* \@twosidefalse
* \@mparswitchfalse
* \@reversemarginfalse
* (1in=72.27pt=25.4mm, 1cm=28.453pt)

(C:\Users\Redha CHABA\AppData\Local\Programs\MiKTeX\tex/context/base/mkii\supp-pdf.mkii
[Loading MPS to PDF converter (version 2006.09.02).]
\scratchcounter=\count336
\scratchdimen=\dimen322
\scratchbox=\box74
\nofMPsegments=\count337
\nofMParguments=\count338
\everyMPshowfont=\toks55
\MPscratchCnt=\count339
\MPscratchDim=\dimen323
\MPnumerator=\count340
\makeMPintoPDFobject=\count341
\everyMPtoPDFconversion=\toks56
)
Package caption Info: Begin \AtBeginDocument code.
Package caption Info: hyperref package is loaded.
Package caption Info: threeparttable package is loaded.
Package caption Info: End \AtBeginDocument code.
Package hyperref Info: Link coloring ON on input line 4.
 (report.out) (report.out)
\@outlinefile=\write5
\openout5 = `report.out'.

LaTeX Font Info:    Font shape `T1/Crimson-TLF/m/n' will be
(Font)              scaled to size 17.28pt on input line 18.
LaTeX Font Info:    Font shape `T1/Crimson-TLF/m/n' will be
(Font)              scaled to size 12.0pt on input line 18.
LaTeX Font Info:    Trying to load font information for U+msa on input line 18.
 (C:\Users\Redha CHABA\AppData\Local\Programs\MiKTeX\tex/latex/amsfonts\umsa.fd
File: umsa.fd 2013/01/14 v3.01 AMS symbols A
)
LaTeX Font Info:    Trying to load font information for U+msb on input line 18.
 (C:\Users\Redha CHABA\AppData\Local\Programs\MiKTeX\tex/latex/amsfonts\umsb.fd
File: umsb.fd 2013/01/14 v3.01 AMS symbols B
)
LaTeX Font Info:    Font shape `T1/Crimson-TLF/b/n' will be
(Font)              scaled to size 12.0pt on input line 18.
LaTeX Font Info:    Font shape `T1/Crimson-TLF/m/n' will be
(Font)              scaled to size 14.4pt on input line 18.
LaTeX Font Info:    Font shape `T1/Crimson-TLF/b/n' will be
(Font)              scaled to size 14.4pt on input line 18.
 (report.toc
LaTeX Font Info:    Font shape `T1/Crimson-TLF/b/n' will be
(Font)              scaled to size 10.95pt on input line 1.
)
\tf@toc=\write6
\openout6 = `report.toc'.

LaTeX Font Info:    Trying to load font information for T1+cmss on input line 24.
 (C:\Users\Redha CHABA\AppData\Local\Programs\MiKTeX\tex/latex/base\t1cmss.fd
File: t1cmss.fd 2023/04/13 v2.5m Standard LaTeX font definitions
)
Overfull \hbox (13.95085pt too wide) in paragraph at lines 26--79
[][] 
 []

[1

{C:/Users/Redha CHABA/AppData/Local/MiKTeX/fonts/map/pdftex/pdftex.map}{C:/Users/Redha CHABA/AppData/Local/Programs/MiKTeX/fonts/enc/dvips/crimson/crm_izufyi.enc}{C:/Users/Redha CHABA/AppData/Local/Programs/MiKTeX/fonts/enc/dvips/crimson/crm_fllea6.enc}]
Overfull \hbox (13.94199pt too wide) in paragraph at lines 88--141
[][] 
 []

[2]
Overfull \hbox (13.95085pt too wide) in paragraph at lines 150--203
[][] 
 []

[3]
Overfull \hbox (13.94366pt too wide) in paragraph at lines 208--261
[][] 
 []

[4]
Overfull \hbox (13.95792pt too wide) in paragraph at lines 267--320
[][] 
 []

[5]

Package hyperref Warning: Token not allowed in a PDF string (Unicode):
(hyperref)                removing `math shift' on input line 330.


Package hyperref Warning: Token not allowed in a PDF string (Unicode):
(hyperref)                removing `\ge' on input line 330.


Package hyperref Warning: Token not allowed in a PDF string (Unicode):
(hyperref)                removing `math shift' on input line 330.


Overfull \hbox (13.95085pt too wide) in paragraph at lines 335--382
[][] 
 []

[6]
Overfull \hbox (13.95085pt too wide) in paragraph at lines 391--439
[][] 
 []

[7]
Overfull \hbox (13.95085pt too wide) in paragraph at lines 445--493
[][] 
 []

[8]
Overfull \hbox (13.95085pt too wide) in paragraph at lines 499--547
[][] 
 []

[9]
Overfull \hbox (13.95085pt too wide) in paragraph at lines 553--601
[][] 
 []

[10]

Package hyperref Warning: Token not allowed in a PDF string (Unicode):
(hyperref)                removing `math shift' on input line 607.


Package hyperref Warning: Token not allowed in a PDF string (Unicode):
(hyperref)                removing `\ge' on input line 607.


Package hyperref Warning: Token not allowed in a PDF string (Unicode):
(hyperref)                removing `math shift' on input line 607.


Overfull \hbox (13.95085pt too wide) in paragraph at lines 612--659
[][] 
 []

[11]
Overfull \hbox (13.95085pt too wide) in paragraph at lines 668--715
[][] 
 []

[12]
Overfull \hbox (13.95085pt too wide) in paragraph at lines 721--769
[][] 
 []

[13]
Overfull \hbox (13.95085pt too wide) in paragraph at lines 775--823
[][] 
 []

[14]
Overfull \hbox (13.95085pt too wide) in paragraph at lines 829--877
[][] 
 []

[15]
Overfull \hbox (13.95085pt too wide) in paragraph at lines 886--933
[][] 
 []

[16]
Overfull \hbox (13.95085pt too wide) in paragraph at lines 942--990
[][] 
 []

[17]
Overfull \hbox (13.95085pt too wide) in paragraph at lines 996--1044
[][] 
 []

[18]
Overfull \hbox (13.95085pt too wide) in paragraph at lines 1050--1098
[][] 
 []

[19]
Overfull \hbox (13.95085pt too wide) in paragraph at lines 1104--1152
[][] 
 []

[20]
Overfull \hbox (13.95085pt too wide) in paragraph at lines 1161--1208
[][] 
 []

[21]
Overfull \hbox (13.95085pt too wide) in paragraph at lines 1217--1265
[][] 
 []

[22]
Overfull \hbox (13.95085pt too wide) in paragraph at lines 1271--1319
[][] 
 []

[23]
Overfull \hbox (13.95085pt too wide) in paragraph at lines 1325--1372
[][] 
 []

[24]
Overfull \hbox (13.95085pt too wide) in paragraph at lines 1378--1426
[][] 
 []

[25]

Package hyperref Warning: Token not allowed in a PDF string (Unicode):
(hyperref)                removing `math shift' on input line 1429.


Package hyperref Warning: Token not allowed in a PDF string (Unicode):
(hyperref)                removing `\ge' on input line 1429.


Package hyperref Warning: Token not allowed in a PDF string (Unicode):
(hyperref)                removing `math shift' on input line 1429.


Overfull \hbox (13.95085pt too wide) in paragraph at lines 1434--1481
[][] 
 []

[26]
Overfull \hbox (13.95085pt too wide) in paragraph at lines 1490--1538
[][] 
 []

[27]
Overfull \hbox (13.95085pt too wide) in paragraph at lines 1544--1592
[][] 
 []

[28]
Overfull \hbox (13.95085pt too wide) in paragraph at lines 1598--1646
[][] 
 []

[29]
Overfull \hbox (13.95085pt too wide) in paragraph at lines 1652--1700
[][] 
 []

[30]

Package hyperref Warning: Token not allowed in a PDF string (Unicode):
(hyperref)                removing `math shift' on input line 1703.


Package hyperref Warning: Token not allowed in a PDF string (Unicode):
(hyperref)                removing `\ge' on input line 1703.


Package hyperref Warning: Token not allowed in a PDF string (Unicode):
(hyperref)                removing `math shift' on input line 1703.


Overfull \hbox (13.95085pt too wide) in paragraph at lines 1708--1755
[][] 
 []

[31]
Overfull \hbox (13.95085pt too wide) in paragraph at lines 1764--1812
[][] 
 []

[32]
Overfull \hbox (13.95085pt too wide) in paragraph at lines 1818--1866
[][] 
 []

[33]
Overfull \hbox (13.95085pt too wide) in paragraph at lines 1872--1920
[][] 
 []

[34]
Overfull \hbox (13.95085pt too wide) in paragraph at lines 1926--1973
[][] 
 []

[35]

Package hyperref Warning: Token not allowed in a PDF string (Unicode):
(hyperref)                removing `math shift' on input line 1978.


Package hyperref Warning: Token not allowed in a PDF string (Unicode):
(hyperref)                removing `\ge' on input line 1978.


Package hyperref Warning: Token not allowed in a PDF string (Unicode):
(hyperref)                removing `math shift' on input line 1978.


Overfull \hbox (13.95085pt too wide) in paragraph at lines 1983--2030
[][] 
 []

[36]
Overfull \hbox (13.95085pt too wide) in paragraph at lines 2039--2087
[][] 
 []

[37]
Overfull \hbox (13.95085pt too wide) in paragraph at lines 2093--2141
[][] 
 []

[38]
Overfull \hbox (13.95085pt too wide) in paragraph at lines 2147--2195
[][] 
 []

[39]
Overfull \hbox (13.95085pt too wide) in paragraph at lines 2201--2249
[][] 
 []

[40]

Package hyperref Warning: Token not allowed in a PDF string (Unicode):
(hyperref)                removing `math shift' on input line 2252.


Package hyperref Warning: Token not allowed in a PDF string (Unicode):
(hyperref)                removing `\ge' on input line 2252.


Package hyperref Warning: Token not allowed in a PDF string (Unicode):
(hyperref)                removing `math shift' on input line 2252.


Overfull \hbox (13.95085pt too wide) in paragraph at lines 2257--2304
[][] 
 []

[41]
Overfull \hbox (13.95085pt too wide) in paragraph at lines 2313--2361
[][] 
 []

[42]
Overfull \hbox (13.95085pt too wide) in paragraph at lines 2367--2414
[][] 
 []

[43]
Overfull \hbox (13.95085pt too wide) in paragraph at lines 2420--2468
[][] 
 []

[44]
Overfull \hbox (13.95792pt too wide) in paragraph at lines 2474--2522
[][] 
 []

[45]
<C:/Users/Redha CHABA/Documents/wp_git/cdhm/plots/report/overall_trends.jpg, id=316, 3011.25pt x 1806.75pt>
File: C:/Users/Redha CHABA/Documents/wp_git/cdhm/plots/report/overall_trends.jpg Graphic file (type jpg)
<use C:/Users/Redha CHABA/Documents/wp_git/cdhm/plots/report/overall_trends.jpg>
Package pdftex.def Info: C:/Users/Redha CHABA/Documents/wp_git/cdhm/plots/report/overall_trends.jpg  used on input line 2531.
(pdftex.def)             Requested size: 451.66801pt x 271.00081pt.
<C:/Users/Redha CHABA/Documents/wp_git/cdhm/plots/report/continent_trends.jpg, id=317, 3011.25pt x 1806.75pt>
File: C:/Users/Redha CHABA/Documents/wp_git/cdhm/plots/report/continent_trends.jpg Graphic file (type jpg)
<use C:/Users/Redha CHABA/Documents/wp_git/cdhm/plots/report/continent_trends.jpg>
Package pdftex.def Info: C:/Users/Redha CHABA/Documents/wp_git/cdhm/plots/report/continent_trends.jpg  used on input line 2536.
(pdftex.def)             Requested size: 451.66801pt x 271.00081pt.
 [46]
Overfull \vbox (18.94531pt too high) has occurred while \output is active []

 [47 <C:/Users/Redha CHABA/Documents/wp_git/cdhm/plots/report/overall_trends.jpg> <C:/Users/Redha CHABA/Documents/wp_git/cdhm/plots/report/continent_trends.jpg>]
<C:/Users/Redha CHABA/Documents/wp_git/cdhm/plots/report/overall_youth_polity.jpg, id=328, 3011.25pt x 1806.75pt>
File: C:/Users/Redha CHABA/Documents/wp_git/cdhm/plots/report/overall_youth_polity.jpg Graphic file (type jpg)
<use C:/Users/Redha CHABA/Documents/wp_git/cdhm/plots/report/overall_youth_polity.jpg>
Package pdftex.def Info: C:/Users/Redha CHABA/Documents/wp_git/cdhm/plots/report/overall_youth_polity.jpg  used on input line 2544.
(pdftex.def)             Requested size: 451.66801pt x 271.00081pt.
<C:/Users/Redha CHABA/Documents/wp_git/cdhm/plots/report/overall_youth_vdem.jpg, id=329, 3011.25pt x 1806.75pt>
File: C:/Users/Redha CHABA/Documents/wp_git/cdhm/plots/report/overall_youth_vdem.jpg Graphic file (type jpg)
<use C:/Users/Redha CHABA/Documents/wp_git/cdhm/plots/report/overall_youth_vdem.jpg>
Package pdftex.def Info: C:/Users/Redha CHABA/Documents/wp_git/cdhm/plots/report/overall_youth_vdem.jpg  used on input line 2548.
(pdftex.def)             Requested size: 451.66801pt x 271.00081pt.
<C:/Users/Redha CHABA/Documents/wp_git/cdhm/plots/report/continent_youth_polity.jpg, id=330, 3011.25pt x 1806.75pt>
File: C:/Users/Redha CHABA/Documents/wp_git/cdhm/plots/report/continent_youth_polity.jpg Graphic file (type jpg)
<use C:/Users/Redha CHABA/Documents/wp_git/cdhm/plots/report/continent_youth_polity.jpg>
Package pdftex.def Info: C:/Users/Redha CHABA/Documents/wp_git/cdhm/plots/report/continent_youth_polity.jpg  used on input line 2555.
(pdftex.def)             Requested size: 451.66801pt x 271.00081pt.
<C:/Users/Redha CHABA/Documents/wp_git/cdhm/plots/report/continent_youth_vdem.jpg, id=331, 3011.25pt x 1806.75pt>
File: C:/Users/Redha CHABA/Documents/wp_git/cdhm/plots/report/continent_youth_vdem.jpg Graphic file (type jpg)
<use C:/Users/Redha CHABA/Documents/wp_git/cdhm/plots/report/continent_youth_vdem.jpg>
Package pdftex.def Info: C:/Users/Redha CHABA/Documents/wp_git/cdhm/plots/report/continent_youth_vdem.jpg  used on input line 2559.
(pdftex.def)             Requested size: 451.66801pt x 271.00081pt.
 [48 <C:/Users/Redha CHABA/Documents/wp_git/cdhm/plots/report/overall_youth_polity.jpg> <C:/Users/Redha CHABA/Documents/wp_git/cdhm/plots/report/overall_youth_vdem.jpg>]
<C:/Users/Redha CHABA/Documents/wp_git/cdhm/plots/report/hist_polity.jpg, id=337, 3011.25pt x 1806.75pt>
File: C:/Users/Redha CHABA/Documents/wp_git/cdhm/plots/report/hist_polity.jpg Graphic file (type jpg)
<use C:/Users/Redha CHABA/Documents/wp_git/cdhm/plots/report/hist_polity.jpg>
Package pdftex.def Info: C:/Users/Redha CHABA/Documents/wp_git/cdhm/plots/report/hist_polity.jpg  used on input line 2566.
(pdftex.def)             Requested size: 451.66801pt x 271.00081pt.
<C:/Users/Redha CHABA/Documents/wp_git/cdhm/plots/report/hist_vdem.jpg, id=338, 3011.25pt x 1806.75pt>
File: C:/Users/Redha CHABA/Documents/wp_git/cdhm/plots/report/hist_vdem.jpg Graphic file (type jpg)
<use C:/Users/Redha CHABA/Documents/wp_git/cdhm/plots/report/hist_vdem.jpg>
Package pdftex.def Info: C:/Users/Redha CHABA/Documents/wp_git/cdhm/plots/report/hist_vdem.jpg  used on input line 2570.
(pdftex.def)             Requested size: 451.66801pt x 271.00081pt.
 [49 <C:/Users/Redha CHABA/Documents/wp_git/cdhm/plots/report/continent_youth_polity.jpg> <C:/Users/Redha CHABA/Documents/wp_git/cdhm/plots/report/continent_youth_vdem.jpg>]
<C:/Users/Redha CHABA/Documents/wp_git/cdhm/plots/report/regime_table_polity.jpg, id=345, 231.7458pt x 98.5281pt>
File: C:/Users/Redha CHABA/Documents/wp_git/cdhm/plots/report/regime_table_polity.jpg Graphic file (type jpg)
<use C:/Users/Redha CHABA/Documents/wp_git/cdhm/plots/report/regime_table_polity.jpg>
Package pdftex.def Info: C:/Users/Redha CHABA/Documents/wp_git/cdhm/plots/report/regime_table_polity.jpg  used on input line 2577.
(pdftex.def)             Requested size: 347.61783pt x 147.79176pt.
<C:/Users/Redha CHABA/Documents/wp_git/cdhm/plots/report/regime_table_vdem.jpg, id=346, 277.9986pt x 81.4242pt>
File: C:/Users/Redha CHABA/Documents/wp_git/cdhm/plots/report/regime_table_vdem.jpg Graphic file (type jpg)
<use C:/Users/Redha CHABA/Documents/wp_git/cdhm/plots/report/regime_table_vdem.jpg>
Package pdftex.def Info: C:/Users/Redha CHABA/Documents/wp_git/cdhm/plots/report/regime_table_vdem.jpg  used on input line 2581.
(pdftex.def)             Requested size: 416.99686pt x 122.13599pt.
 [50 <C:/Users/Redha CHABA/Documents/wp_git/cdhm/plots/report/hist_polity.jpg> <C:/Users/Redha CHABA/Documents/wp_git/cdhm/plots/report/hist_vdem.jpg>]
<C:/Users/Redha CHABA/Documents/wp_git/cdhm/plots/report/cumul_polity.jpg, id=352, 3011.25pt x 1806.75pt>
File: C:/Users/Redha CHABA/Documents/wp_git/cdhm/plots/report/cumul_polity.jpg Graphic file (type jpg)
<use C:/Users/Redha CHABA/Documents/wp_git/cdhm/plots/report/cumul_polity.jpg>
Package pdftex.def Info: C:/Users/Redha CHABA/Documents/wp_git/cdhm/plots/report/cumul_polity.jpg  used on input line 2588.
(pdftex.def)             Requested size: 451.66801pt x 271.00081pt.
<C:/Users/Redha CHABA/Documents/wp_git/cdhm/plots/report/cumul_vdem.jpg, id=353, 3011.25pt x 1806.75pt>
File: C:/Users/Redha CHABA/Documents/wp_git/cdhm/plots/report/cumul_vdem.jpg Graphic file (type jpg)
<use C:/Users/Redha CHABA/Documents/wp_git/cdhm/plots/report/cumul_vdem.jpg>
Package pdftex.def Info: C:/Users/Redha CHABA/Documents/wp_git/cdhm/plots/report/cumul_vdem.jpg  used on input line 2592.
(pdftex.def)             Requested size: 451.66801pt x 271.00081pt.
 [51 <C:/Users/Redha CHABA/Documents/wp_git/cdhm/plots/report/regime_table_polity.jpg> <C:/Users/Redha CHABA/Documents/wp_git/cdhm/plots/report/regime_table_vdem.jpg>]
<C:/Users/Redha CHABA/Documents/wp_git/cdhm/plots/report/thres_table_polity_1.jpg, id=359, 379.6584pt x 131.2905pt>
File: C:/Users/Redha CHABA/Documents/wp_git/cdhm/plots/report/thres_table_polity_1.jpg Graphic file (type jpg)
<use C:/Users/Redha CHABA/Documents/wp_git/cdhm/plots/report/thres_table_polity_1.jpg>
Package pdftex.def Info: C:/Users/Redha CHABA/Documents/wp_git/cdhm/plots/report/thres_table_polity_1.jpg  used on input line 2599.
(pdftex.def)             Requested size: 474.57184pt x 164.1127pt.

Overfull \hbox (4.81682pt too wide) in paragraph at lines 2599--2600
 [] 
 []

<C:/Users/Redha CHABA/Documents/wp_git/cdhm/plots/report/thres_table_vdem_1.jpg, id=360, 379.6584pt x 116.1138pt>
File: C:/Users/Redha CHABA/Documents/wp_git/cdhm/plots/report/thres_table_vdem_1.jpg Graphic file (type jpg)
<use C:/Users/Redha CHABA/Documents/wp_git/cdhm/plots/report/thres_table_vdem_1.jpg>
Package pdftex.def Info: C:/Users/Redha CHABA/Documents/wp_git/cdhm/plots/report/thres_table_vdem_1.jpg  used on input line 2603.
(pdftex.def)             Requested size: 474.57184pt x 145.14188pt.

Overfull \hbox (4.81682pt too wide) in paragraph at lines 2603--2604
 [][] 
 []

[52 <C:/Users/Redha CHABA/Documents/wp_git/cdhm/plots/report/cumul_polity.jpg> <C:/Users/Redha CHABA/Documents/wp_git/cdhm/plots/report/cumul_vdem.jpg>]
<C:/Users/Redha CHABA/Documents/wp_git/cdhm/plots/report/thres_table_polity_2.jpg, id=366, 379.6584pt x 131.2905pt>
File: C:/Users/Redha CHABA/Documents/wp_git/cdhm/plots/report/thres_table_polity_2.jpg Graphic file (type jpg)
<use C:/Users/Redha CHABA/Documents/wp_git/cdhm/plots/report/thres_table_polity_2.jpg>
Package pdftex.def Info: C:/Users/Redha CHABA/Documents/wp_git/cdhm/plots/report/thres_table_polity_2.jpg  used on input line 2611.
(pdftex.def)             Requested size: 474.57184pt x 164.1127pt.

Overfull \hbox (4.81682pt too wide) in paragraph at lines 2611--2612
 [] 
 []

<C:/Users/Redha CHABA/Documents/wp_git/cdhm/plots/report/thres_table_vdem_2.jpg, id=367, 379.6584pt x 116.1138pt>
File: C:/Users/Redha CHABA/Documents/wp_git/cdhm/plots/report/thres_table_vdem_2.jpg Graphic file (type jpg)
<use C:/Users/Redha CHABA/Documents/wp_git/cdhm/plots/report/thres_table_vdem_2.jpg>
Package pdftex.def Info: C:/Users/Redha CHABA/Documents/wp_git/cdhm/plots/report/thres_table_vdem_2.jpg  used on input line 2615.
(pdftex.def)             Requested size: 474.57184pt x 145.14188pt.

Overfull \hbox (4.81682pt too wide) in paragraph at lines 2615--2616
 [][] 
 []

[53 <C:/Users/Redha CHABA/Documents/wp_git/cdhm/plots/report/thres_table_polity_1.jpg> <C:/Users/Redha CHABA/Documents/wp_git/cdhm/plots/report/thres_table_vdem_1.jpg>]
<C:/Users/Redha CHABA/Documents/wp_git/cdhm/plots/report/cont_table_polity_1.jpg, id=373, 381.8265pt x 177.7842pt>
File: C:/Users/Redha CHABA/Documents/wp_git/cdhm/plots/report/cont_table_polity_1.jpg Graphic file (type jpg)
<use C:/Users/Redha CHABA/Documents/wp_git/cdhm/plots/report/cont_table_polity_1.jpg>
Package pdftex.def Info: C:/Users/Redha CHABA/Documents/wp_git/cdhm/plots/report/cont_table_polity_1.jpg  used on input line 2622.
(pdftex.def)             Requested size: 477.28195pt x 222.22966pt.

Overfull \hbox (7.52693pt too wide) in paragraph at lines 2622--2623
 [] 
 []

<C:/Users/Redha CHABA/Documents/wp_git/cdhm/plots/report/cont_table_vdem_1.jpg, id=374, 381.8265pt x 177.7842pt>
File: C:/Users/Redha CHABA/Documents/wp_git/cdhm/plots/report/cont_table_vdem_1.jpg Graphic file (type jpg)
<use C:/Users/Redha CHABA/Documents/wp_git/cdhm/plots/report/cont_table_vdem_1.jpg>
Package pdftex.def Info: C:/Users/Redha CHABA/Documents/wp_git/cdhm/plots/report/cont_table_vdem_1.jpg  used on input line 2626.
(pdftex.def)             Requested size: 477.28195pt x 222.22966pt.

Overfull \hbox (7.52693pt too wide) in paragraph at lines 2626--2627
 [][] 
 []

[54 <C:/Users/Redha CHABA/Documents/wp_git/cdhm/plots/report/thres_table_polity_2.jpg> <C:/Users/Redha CHABA/Documents/wp_git/cdhm/plots/report/thres_table_vdem_2.jpg>]
<C:/Users/Redha CHABA/Documents/wp_git/cdhm/plots/report/cont_table_polity_2.jpg, id=380, 381.8265pt x 177.7842pt>
File: C:/Users/Redha CHABA/Documents/wp_git/cdhm/plots/report/cont_table_polity_2.jpg Graphic file (type jpg)
<use C:/Users/Redha CHABA/Documents/wp_git/cdhm/plots/report/cont_table_polity_2.jpg>
Package pdftex.def Info: C:/Users/Redha CHABA/Documents/wp_git/cdhm/plots/report/cont_table_polity_2.jpg  used on input line 2633.
(pdftex.def)             Requested size: 458.1895pt x 213.33994pt.
<C:/Users/Redha CHABA/Documents/wp_git/cdhm/plots/report/cty_table_polity_2.jpg, id=381, 314.3745pt x 393.6306pt>
File: C:/Users/Redha CHABA/Documents/wp_git/cdhm/plots/report/cty_table_polity_2.jpg Graphic file (type jpg)
<use C:/Users/Redha CHABA/Documents/wp_git/cdhm/plots/report/cty_table_polity_2.jpg>
Package pdftex.def Info: C:/Users/Redha CHABA/Documents/wp_git/cdhm/plots/report/cty_table_polity_2.jpg  used on input line 2637.
(pdftex.def)             Requested size: 377.2475pt x 472.35435pt.
<C:/Users/Redha CHABA/Documents/wp_git/cdhm/plots/report/cont_table_vdem_2.jpg, id=382, 381.8265pt x 177.7842pt>
File: C:/Users/Redha CHABA/Documents/wp_git/cdhm/plots/report/cont_table_vdem_2.jpg Graphic file (type jpg)
<use C:/Users/Redha CHABA/Documents/wp_git/cdhm/plots/report/cont_table_vdem_2.jpg>
Package pdftex.def Info: C:/Users/Redha CHABA/Documents/wp_git/cdhm/plots/report/cont_table_vdem_2.jpg  used on input line 2641.
(pdftex.def)             Requested size: 458.1895pt x 213.33994pt.
 [55 <C:/Users/Redha CHABA/Documents/wp_git/cdhm/plots/report/cont_table_polity_1.jpg> <C:/Users/Redha CHABA/Documents/wp_git/cdhm/plots/report/cont_table_vdem_1.jpg>]
Overfull \vbox (343.1097pt too high) has occurred while \output is active []

 [56 <C:/Users/Redha CHABA/Documents/wp_git/cdhm/plots/report/cont_table_polity_2.jpg> <C:/Users/Redha CHABA/Documents/wp_git/cdhm/plots/report/cty_table_polity_2.jpg> <C:/Users/Redha CHABA/Documents/wp_git/cdhm/plots/report/cont_table_vdem_2.jpg>]
<C:/Users/Redha CHABA/Documents/wp_git/cdhm/plots/report/time_table_polity_1.jpg, id=394, 379.6584pt x 194.8881pt>
File: C:/Users/Redha CHABA/Documents/wp_git/cdhm/plots/report/time_table_polity_1.jpg Graphic file (type jpg)
<use C:/Users/Redha CHABA/Documents/wp_git/cdhm/plots/report/time_table_polity_1.jpg>
Package pdftex.def Info: C:/Users/Redha CHABA/Documents/wp_git/cdhm/plots/report/time_table_polity_1.jpg  used on input line 2648.
(pdftex.def)             Requested size: 474.57184pt x 243.60951pt.

Overfull \hbox (4.81682pt too wide) in paragraph at lines 2648--2649
 [] 
 []

<C:/Users/Redha CHABA/Documents/wp_git/cdhm/plots/report/time_table_vdem_1.jpg, id=395, 379.6584pt x 204.5241pt>
File: C:/Users/Redha CHABA/Documents/wp_git/cdhm/plots/report/time_table_vdem_1.jpg Graphic file (type jpg)
<use C:/Users/Redha CHABA/Documents/wp_git/cdhm/plots/report/time_table_vdem_1.jpg>
Package pdftex.def Info: C:/Users/Redha CHABA/Documents/wp_git/cdhm/plots/report/time_table_vdem_1.jpg  used on input line 2652.
(pdftex.def)             Requested size: 474.57184pt x 255.65446pt.

Overfull \hbox (4.81682pt too wide) in paragraph at lines 2652--2653
 [][] 
 []

<C:/Users/Redha CHABA/Documents/wp_git/cdhm/plots/report/time_table_polity_2.jpg, id=396, 379.6584pt x 194.8881pt>
File: C:/Users/Redha CHABA/Documents/wp_git/cdhm/plots/report/time_table_polity_2.jpg Graphic file (type jpg)
<use C:/Users/Redha CHABA/Documents/wp_git/cdhm/plots/report/time_table_polity_2.jpg>
Package pdftex.def Info: C:/Users/Redha CHABA/Documents/wp_git/cdhm/plots/report/time_table_polity_2.jpg  used on input line 2659.
(pdftex.def)             Requested size: 474.57184pt x 243.60951pt.

Overfull \hbox (4.81682pt too wide) in paragraph at lines 2659--2660
 [] 
 []

<C:/Users/Redha CHABA/Documents/wp_git/cdhm/plots/report/time_table_vdem_2.jpg, id=397, 379.6584pt x 194.8881pt>
File: C:/Users/Redha CHABA/Documents/wp_git/cdhm/plots/report/time_table_vdem_2.jpg Graphic file (type jpg)
<use C:/Users/Redha CHABA/Documents/wp_git/cdhm/plots/report/time_table_vdem_2.jpg>
Package pdftex.def Info: C:/Users/Redha CHABA/Documents/wp_git/cdhm/plots/report/time_table_vdem_2.jpg  used on input line 2663.
(pdftex.def)             Requested size: 474.57184pt x 243.60951pt.

Overfull \hbox (4.81682pt too wide) in paragraph at lines 2663--2664
 [][] 
 []

[57 <C:/Users/Redha CHABA/Documents/wp_git/cdhm/plots/report/time_table_polity_1.jpg> <C:/Users/Redha CHABA/Documents/wp_git/cdhm/plots/report/time_table_vdem_1.jpg>] [58 <C:/Users/Redha CHABA/Documents/wp_git/cdhm/plots/report/time_table_polity_2.jpg> <C:/Users/Redha CHABA/Documents/wp_git/cdhm/plots/report/time_table_vdem_2.jpg>] (report.aux)
 ***********
LaTeX2e <2023-06-01> patch level 1
L3 programming layer <2023-06-30>
 ***********
Package rerunfilecheck Info: File `report.out' has not changed.
(rerunfilecheck)             Checksum: 39B3E2B672FA9E5D930BA0204B034182;2780.
 ) 
Here is how much of TeX's memory you used:
 26288 strings out of 475550
 514203 string characters out of 5759665
 1951238 words of memory out of 5000000
 46861 multiletter control sequences out of 15000+600000
 670104 words of font info for 78 fonts, out of 8000000 for 9000
 1141 hyphenation exceptions out of 8191
 89i,11n,134p,752b,465s stack positions out of 10000i,1000n,20000p,200000b,200000s
 <C:\Users\Redha CHABA\AppData\Local\MiKTeX\fonts/pk/ljfour/jknappen/ec/dpi600\ecss0900.pk> <C:\Users\Redha CHABA\AppData\Local\MiKTeX\fonts/pk/ljfour/jknappen/ec/dpi600\ecsi0900.pk> <C:\Users\Redha CHABA\AppData\Local\MiKTeX\fonts/pk/ljfour/jknappen/ec/dpi600\ecss1095.pk><C:/Users/Redha CHABA/AppData/Local/Programs/MiKTeX/fonts/type1/kosch/crimson/Crimson-Bold.pfb><C:/Users/Redha CHABA/AppData/Local/Programs/MiKTeX/fonts/type1/kosch/crimson/Crimson-Roman.pfb><C:/Users/Redha CHABA/AppData/Local/Programs/MiKTeX/fonts/type1/public/amsfonts/cm/cmmi10.pfb><C:/Users/Redha CHABA/AppData/Local/Programs/MiKTeX/fonts/type1/public/amsfonts/cm/cmmi8.pfb><C:/Users/Redha CHABA/AppData/Local/Programs/MiKTeX/fonts/type1/public/amsfonts/cm/cmr10.pfb><C:/Users/Redha CHABA/AppData/Local/Programs/MiKTeX/fonts/type1/public/amsfonts/cm/cmr8.pfb><C:/Users/Redha CHABA/AppData/Local/Programs/MiKTeX/fonts/type1/public/amsfonts/cm/cmsy10.pfb><C:/Users/Redha CHABA/AppData/Local/Programs/MiKTeX/fonts/type1/public/amsfonts/cm/cmsy8.pfb><C:/Users/Redha CHABA/AppData/Local/Programs/MiKTeX/fonts/type1/public/amsfonts/symbols/msam10.pfb>
Output written on report.pdf (58 pages, 8388991 bytes).
PDF statistics:
 599 PDF objects out of 1000 (max. 8388607)
 130 named destinations out of 1000 (max. 500000)
 242 words of extra memory for PDF output out of 10000 (max. 10000000)

